<?xml version="1.0" encoding="UTF-8"?>
<!-- Generated by org.testng.reporters.JUnitReportReporter -->
<testsuite hostname="LAPTOP-KED6JTJL" failures="0" tests="1" name="com.actitime.testscript.CustomerModule" time="28.890" errors="0" timestamp="2023-01-06T18:46:37 IST" skipped="0">
  <testcase classname="com.actitime.testscript.CustomerModule" name="createCustomer" time="28.890"/>
  <system-out>
    <![CDATA[createCustomer]]>
  </system-out>
</testsuite> <!-- com.actitime.testscript.CustomerModule -->
